0,000 p0 messages falsely suspect p1
0,000 p0 messages suspect 1
0,100 p0 messages e s p0 p2 ARE_YOU_ALIVE 0
0,100 p1 messages e s p1 p0 ARE_YOU_ALIVE 0
0,100 p2 messages e s p2 p0 ARE_YOU_ALIVE 0
0,100 p3 messages e s p3 p0 ARE_YOU_ALIVE 0
0,200 p0 messages e s p0 p3 ARE_YOU_ALIVE 0
0,200 p1 messages e s p1 p2 ARE_YOU_ALIVE 0
0,200 p2 messages e s p2 p1 ARE_YOU_ALIVE 0
0,200 p3 messages e s p3 p1 ARE_YOU_ALIVE 0
0,300 p1 messages e s p1 p3 ARE_YOU_ALIVE 0
0,300 p2 messages e s p2 p3 ARE_YOU_ALIVE 0
0,300 p3 messages e s p3 p2 ARE_YOU_ALIVE 0
1,000 p2 messages e r p0 p2 ARE_YOU_ALIVE 0
1,000 p0 messages e r p1 p0 ARE_YOU_ALIVE 0
1,000 p0 messages e r p2 p0 ARE_YOU_ALIVE 0
1,000 p0 messages e r p3 p0 ARE_YOU_ALIVE 0
1,100 p3 messages e r p0 p3 ARE_YOU_ALIVE 0
1,100 p2 messages e r p1 p2 ARE_YOU_ALIVE 0
1,100 p1 messages e r p2 p1 ARE_YOU_ALIVE 0
1,100 p1 messages e r p3 p1 ARE_YOU_ALIVE 0
1,100 p2 messages e s p2 p0 I_AM_ALIVE false
1,100 p0 messages e s p0 p1 I_AM_ALIVE true
1,100 p0 messages e s p0 p2 I_AM_ALIVE false
1,100 p0 messages e s p0 p3 I_AM_ALIVE false
1,200 p3 messages e s p3 p0 I_AM_ALIVE false
1,200 p2 messages e s p2 p1 I_AM_ALIVE false
1,200 p1 messages e s p1 p2 I_AM_ALIVE false
1,200 p1 messages e s p1 p3 I_AM_ALIVE false
1,200 p3 messages e r p1 p3 ARE_YOU_ALIVE 0
1,200 p3 messages e r p2 p3 ARE_YOU_ALIVE 0
1,200 p2 messages e r p3 p2 ARE_YOU_ALIVE 0
1,300 p3 messages e s p3 p1 I_AM_ALIVE false
1,300 p3 messages e s p3 p2 I_AM_ALIVE false
1,300 p2 messages e s p2 p3 I_AM_ALIVE false
2,000 p0 messages e r p2 p0 I_AM_ALIVE false
2,000 p1 messages e r p0 p1 I_AM_ALIVE true
2,000 p1 messages p0 suspect me: die!
2,000 p1 messages crash started at crash-all2all-fd
2,000 p2 messages e r p0 p2 I_AM_ALIVE false
2,000 p3 messages e r p0 p3 I_AM_ALIVE false
2,100 p0 messages e r p3 p0 I_AM_ALIVE false
2,100 p1 messages e r p2 p1 I_AM_ALIVE false
2,100 p2 messages e r p1 p2 I_AM_ALIVE false
2,100 p3 messages e r p1 p3 I_AM_ALIVE false
2,200 p1 messages e r p3 p1 I_AM_ALIVE false
2,200 p2 messages e r p3 p2 I_AM_ALIVE false
2,200 p3 messages e r p2 p3 I_AM_ALIVE false
32,300 p2 messages e s p2 p0 ARE_YOU_ALIVE 1
32,300 p3 messages e s p3 p0 ARE_YOU_ALIVE 1
32,400 p2 messages e s p2 p1 ARE_YOU_ALIVE 1
32,400 p3 messages e s p3 p1 ARE_YOU_ALIVE 1
32,500 p2 messages e s p2 p3 ARE_YOU_ALIVE 1
32,500 p3 messages e s p3 p2 ARE_YOU_ALIVE 1
33,200 p0 messages e r p2 p0 ARE_YOU_ALIVE 1
33,200 p0 messages e r p3 p0 ARE_YOU_ALIVE 1
33,300 p1 messages e r p2 p1 ARE_YOU_ALIVE 1
33,300 p1 messages e r p3 p1 ARE_YOU_ALIVE 1
33,300 p0 messages e s p0 p2 I_AM_ALIVE false
33,300 p0 messages e s p0 p3 I_AM_ALIVE false
33,400 p3 messages e r p2 p3 ARE_YOU_ALIVE 1
33,400 p2 messages e r p3 p2 ARE_YOU_ALIVE 1
33,500 p3 messages e s p3 p2 I_AM_ALIVE false
33,500 p2 messages e s p2 p3 I_AM_ALIVE false
34,100 p0 messages e s p0 p2 ARE_YOU_ALIVE 1
34,200 p0 messages e s p0 p3 ARE_YOU_ALIVE 1
34,200 p2 messages e r p0 p2 I_AM_ALIVE false
34,200 p3 messages e r p0 p3 I_AM_ALIVE false
34,400 p2 messages e r p3 p2 I_AM_ALIVE false
34,400 p3 messages e r p2 p3 I_AM_ALIVE false
35,000 p2 messages e r p0 p2 ARE_YOU_ALIVE 1
35,100 p3 messages e r p0 p3 ARE_YOU_ALIVE 1
35,100 p2 messages e s p2 p0 I_AM_ALIVE false
35,200 p3 messages e s p3 p0 I_AM_ALIVE false
36,000 p0 messages e r p2 p0 I_AM_ALIVE false
36,100 p0 messages e r p3 p0 I_AM_ALIVE false
38,200 p2 messages suspect 1
38,200 p3 messages suspect 1
68,100 p0 messages e s p0 p2 ARE_YOU_ALIVE 2
68,200 p0 messages e s p0 p3 ARE_YOU_ALIVE 2
68,300 p2 messages e s p2 p0 ARE_YOU_ALIVE 2
68,300 p3 messages e s p3 p0 ARE_YOU_ALIVE 2
68,400 p2 messages e s p2 p3 ARE_YOU_ALIVE 2
68,400 p3 messages e s p3 p2 ARE_YOU_ALIVE 2
69,000 p2 messages e r p0 p2 ARE_YOU_ALIVE 2
69,100 p3 messages e r p0 p3 ARE_YOU_ALIVE 2
69,100 p2 messages e s p2 p0 I_AM_ALIVE false
69,200 p3 messages e s p3 p0 I_AM_ALIVE false
69,200 p0 messages e r p2 p0 ARE_YOU_ALIVE 2
69,200 p0 messages e r p3 p0 ARE_YOU_ALIVE 2
69,300 p3 messages e r p2 p3 ARE_YOU_ALIVE 2
69,300 p2 messages e r p3 p2 ARE_YOU_ALIVE 2
69,300 p0 messages e s p0 p2 I_AM_ALIVE false
69,300 p0 messages e s p0 p3 I_AM_ALIVE false
69,400 p3 messages e s p3 p2 I_AM_ALIVE false
69,400 p2 messages e s p2 p3 I_AM_ALIVE false
70,000 p0 messages e r p2 p0 I_AM_ALIVE false
70,100 p0 messages e r p3 p0 I_AM_ALIVE false
70,200 p2 messages e r p0 p2 I_AM_ALIVE false
70,200 p3 messages e r p0 p3 I_AM_ALIVE false
70,300 p2 messages e r p3 p2 I_AM_ALIVE false
70,300 p3 messages e r p2 p3 I_AM_ALIVE false
102,100 p0 messages e s p0 p2 ARE_YOU_ALIVE 3
102,200 p0 messages e s p0 p3 ARE_YOU_ALIVE 3
103,000 p2 messages e r p0 p2 ARE_YOU_ALIVE 3
103,100 p3 messages e r p0 p3 ARE_YOU_ALIVE 3
103,100 p2 messages e s p2 p0 I_AM_ALIVE false
103,200 p3 messages e s p3 p0 I_AM_ALIVE false
104,000 p0 messages e r p2 p0 I_AM_ALIVE false
104,100 p0 messages e r p3 p0 I_AM_ALIVE false
104,300 p2 messages e s p2 p0 ARE_YOU_ALIVE 3
104,300 p3 messages e s p3 p0 ARE_YOU_ALIVE 3
104,400 p2 messages e s p2 p3 ARE_YOU_ALIVE 3
104,400 p3 messages e s p3 p2 ARE_YOU_ALIVE 3
105,200 p0 messages e r p2 p0 ARE_YOU_ALIVE 3
105,200 p0 messages e r p3 p0 ARE_YOU_ALIVE 3
105,300 p3 messages e r p2 p3 ARE_YOU_ALIVE 3
105,300 p2 messages e r p3 p2 ARE_YOU_ALIVE 3
105,300 p0 messages e s p0 p2 I_AM_ALIVE false
105,300 p0 messages e s p0 p3 I_AM_ALIVE false
105,400 p3 messages e s p3 p2 I_AM_ALIVE false
105,400 p2 messages e s p2 p3 I_AM_ALIVE false
106,200 p2 messages e r p0 p2 I_AM_ALIVE false
106,200 p3 messages e r p0 p3 I_AM_ALIVE false
106,300 p2 messages e r p3 p2 I_AM_ALIVE false
106,300 p3 messages e r p2 p3 I_AM_ALIVE false
